2026-03-12 09:17:02,128 - ERROR - SQL file not found: C:\Users\Lenovo\Desktop\All important\python\TG_bots\AiJobAssistant\src\src\services\database\queries\users\create_user [line:78]
2026-03-12 09:18:10,144 - ERROR - SQL file not found: C:\Users\Lenovo\Desktop\All important\python\TG_bots\AiJobAssistant\src\src\services\database\queries\users\create_user.sql [line:78]
2026-03-12 09:20:27,477 - ERROR - 💾 DB ERROR in [create_user]: cannot perform operation: another operation is in progress [line:78]
Traceback (most recent call last):
  File "C:\Users\Lenovo\Desktop\All important\python\TG_bots\AiJobAssistant\.venv\Lib\site-packages\asyncpg\pool.py", line 592, in execute
    return await con.execute(query, *args, timeout=timeout)
           ^^^^^^^^^^^^^^^^^^^^^^^^^^^^^^^^^^^^^^^^^^^^^^^^
  File "C:\Users\Lenovo\Desktop\All important\python\TG_bots\AiJobAssistant\.venv\Lib\site-packages\asyncpg\connection.py", line 357, in execute
    _, status, _ = await self._execute(
                   ^^^^^^^^^^^^^^^^^^^^
  File "C:\Users\Lenovo\Desktop\All important\python\TG_bots\AiJobAssistant\.venv\Lib\site-packages\asyncpg\connection.py", line 1873, in _execute
    result, _ = await self.__execute(
                ^^^^^^^^^^^^^^^^^^^^^
  File "C:\Users\Lenovo\Desktop\All important\python\TG_bots\AiJobAssistant\.venv\Lib\site-packages\asyncpg\connection.py", line 1970, in __execute
    result, stmt = await self._do_execute(
                   ^^^^^^^^^^^^^^^^^^^^^^^
  File "C:\Users\Lenovo\Desktop\All important\python\TG_bots\AiJobAssistant\.venv\Lib\site-packages\asyncpg\connection.py", line 2013, in _do_execute
    stmt = await self._get_statement(
           ^^^^^^^^^^^^^^^^^^^^^^^^^^
  File "C:\Users\Lenovo\Desktop\All important\python\TG_bots\AiJobAssistant\.venv\Lib\site-packages\asyncpg\connection.py", line 443, in _get_statement
    statement = await self._protocol.prepare(
                ^^^^^^^^^^^^^^^^^^^^^^^^^^^^^
  File "asyncpg/protocol/protocol.pyx", line 165, in prepare
RuntimeError: Task <Task pending name='Task-23' coro=<test_create_and_get_user() running at C:\Users\Lenovo\Desktop\All important\python\TG_bots\AiJobAssistant\tests\integration\test_user_repository.py:5> cb=[_run_until_complete_cb() at C:\Users\Lenovo\AppData\Local\Programs\Python\Python312\Lib\asyncio\base_events.py:181]> got Future <Future pending cb=[BaseProtocol._on_waiter_completed()]> attached to a different loop

During handling of the above exception, another exception occurred:

Traceback (most recent call last):
  File "C:\Users\Lenovo\Desktop\All important\python\TG_bots\AiJobAssistant\src\services\database\repositories\user_repository.py", line 15, in create_user
    await self._pool.execute(
  File "C:\Users\Lenovo\Desktop\All important\python\TG_bots\AiJobAssistant\.venv\Lib\site-packages\asyncpg\pool.py", line 591, in execute
    async with self.acquire() as con:
  File "C:\Users\Lenovo\Desktop\All important\python\TG_bots\AiJobAssistant\.venv\Lib\site-packages\asyncpg\pool.py", line 1068, in __aexit__
    await self.pool.release(con)
  File "C:\Users\Lenovo\Desktop\All important\python\TG_bots\AiJobAssistant\.venv\Lib\site-packages\asyncpg\pool.py", line 937, in release
    return await asyncio.shield(ch.release(timeout))
           ^^^^^^^^^^^^^^^^^^^^^^^^^^^^^^^^^^^^^^^^^
  File "C:\Users\Lenovo\Desktop\All important\python\TG_bots\AiJobAssistant\.venv\Lib\site-packages\asyncpg\pool.py", line 249, in release
    raise ex
  File "C:\Users\Lenovo\Desktop\All important\python\TG_bots\AiJobAssistant\.venv\Lib\site-packages\asyncpg\pool.py", line 239, in release
    await self._con.reset(timeout=budget)
  File "C:\Users\Lenovo\Desktop\All important\python\TG_bots\AiJobAssistant\.venv\Lib\site-packages\asyncpg\connection.py", line 1571, in reset
    await self.execute(reset_query)
  File "C:\Users\Lenovo\Desktop\All important\python\TG_bots\AiJobAssistant\.venv\Lib\site-packages\asyncpg\connection.py", line 354, in execute
    result = await self._protocol.query(query, timeout)
             ^^^^^^^^^^^^^^^^^^^^^^^^^^^^^^^^^^^^^^^^^^
  File "asyncpg/protocol/protocol.pyx", line 354, in query
  File "asyncpg/protocol/protocol.pyx", line 735, in asyncpg.protocol.protocol.BaseProtocol._check_state
asyncpg.exceptions._base.InterfaceError: cannot perform operation: another operation is in progress
2026-03-12 09:20:35,321 - ERROR - 💾 DB ERROR in [create_user]: cannot perform operation: another operation is in progress [line:78]
Traceback (most recent call last):
  File "C:\Users\Lenovo\Desktop\All important\python\TG_bots\AiJobAssistant\.venv\Lib\site-packages\asyncpg\pool.py", line 592, in execute
    return await con.execute(query, *args, timeout=timeout)
           ^^^^^^^^^^^^^^^^^^^^^^^^^^^^^^^^^^^^^^^^^^^^^^^^
  File "C:\Users\Lenovo\Desktop\All important\python\TG_bots\AiJobAssistant\.venv\Lib\site-packages\asyncpg\connection.py", line 357, in execute
    _, status, _ = await self._execute(
                   ^^^^^^^^^^^^^^^^^^^^
  File "C:\Users\Lenovo\Desktop\All important\python\TG_bots\AiJobAssistant\.venv\Lib\site-packages\asyncpg\connection.py", line 1873, in _execute
    result, _ = await self.__execute(
                ^^^^^^^^^^^^^^^^^^^^^
  File "C:\Users\Lenovo\Desktop\All important\python\TG_bots\AiJobAssistant\.venv\Lib\site-packages\asyncpg\connection.py", line 1970, in __execute
    result, stmt = await self._do_execute(
                   ^^^^^^^^^^^^^^^^^^^^^^^
  File "C:\Users\Lenovo\Desktop\All important\python\TG_bots\AiJobAssistant\.venv\Lib\site-packages\asyncpg\connection.py", line 2013, in _do_execute
    stmt = await self._get_statement(
           ^^^^^^^^^^^^^^^^^^^^^^^^^^
  File "C:\Users\Lenovo\Desktop\All important\python\TG_bots\AiJobAssistant\.venv\Lib\site-packages\asyncpg\connection.py", line 443, in _get_statement
    statement = await self._protocol.prepare(
                ^^^^^^^^^^^^^^^^^^^^^^^^^^^^^
  File "asyncpg/protocol/protocol.pyx", line 165, in prepare
RuntimeError: Task <Task pending name='Task-23' coro=<test_create_and_get_user() running at C:\Users\Lenovo\Desktop\All important\python\TG_bots\AiJobAssistant\tests\integration\test_user_repository.py:5> cb=[_run_until_complete_cb() at C:\Users\Lenovo\AppData\Local\Programs\Python\Python312\Lib\asyncio\base_events.py:181]> got Future <Future pending cb=[BaseProtocol._on_waiter_completed()]> attached to a different loop

During handling of the above exception, another exception occurred:

Traceback (most recent call last):
  File "C:\Users\Lenovo\Desktop\All important\python\TG_bots\AiJobAssistant\src\services\database\repositories\user_repository.py", line 15, in create_user
    await self._pool.execute(
  File "C:\Users\Lenovo\Desktop\All important\python\TG_bots\AiJobAssistant\.venv\Lib\site-packages\asyncpg\pool.py", line 591, in execute
    async with self.acquire() as con:
  File "C:\Users\Lenovo\Desktop\All important\python\TG_bots\AiJobAssistant\.venv\Lib\site-packages\asyncpg\pool.py", line 1068, in __aexit__
    await self.pool.release(con)
  File "C:\Users\Lenovo\Desktop\All important\python\TG_bots\AiJobAssistant\.venv\Lib\site-packages\asyncpg\pool.py", line 937, in release
    return await asyncio.shield(ch.release(timeout))
           ^^^^^^^^^^^^^^^^^^^^^^^^^^^^^^^^^^^^^^^^^
  File "C:\Users\Lenovo\Desktop\All important\python\TG_bots\AiJobAssistant\.venv\Lib\site-packages\asyncpg\pool.py", line 249, in release
    raise ex
  File "C:\Users\Lenovo\Desktop\All important\python\TG_bots\AiJobAssistant\.venv\Lib\site-packages\asyncpg\pool.py", line 239, in release
    await self._con.reset(timeout=budget)
  File "C:\Users\Lenovo\Desktop\All important\python\TG_bots\AiJobAssistant\.venv\Lib\site-packages\asyncpg\connection.py", line 1571, in reset
    await self.execute(reset_query)
  File "C:\Users\Lenovo\Desktop\All important\python\TG_bots\AiJobAssistant\.venv\Lib\site-packages\asyncpg\connection.py", line 354, in execute
    result = await self._protocol.query(query, timeout)
             ^^^^^^^^^^^^^^^^^^^^^^^^^^^^^^^^^^^^^^^^^^
  File "asyncpg/protocol/protocol.pyx", line 354, in query
  File "asyncpg/protocol/protocol.pyx", line 735, in asyncpg.protocol.protocol.BaseProtocol._check_state
asyncpg.exceptions._base.InterfaceError: cannot perform operation: another operation is in progress
2026-03-12 09:24:47,086 - ERROR - 💾 DB ERROR in [create_user]: cannot perform operation: another operation is in progress [line:78]
Traceback (most recent call last):
  File "C:\Users\Lenovo\Desktop\All important\python\TG_bots\AiJobAssistant\.venv\Lib\site-packages\asyncpg\pool.py", line 592, in execute
    return await con.execute(query, *args, timeout=timeout)
           ^^^^^^^^^^^^^^^^^^^^^^^^^^^^^^^^^^^^^^^^^^^^^^^^
  File "C:\Users\Lenovo\Desktop\All important\python\TG_bots\AiJobAssistant\.venv\Lib\site-packages\asyncpg\connection.py", line 357, in execute
    _, status, _ = await self._execute(
                   ^^^^^^^^^^^^^^^^^^^^
  File "C:\Users\Lenovo\Desktop\All important\python\TG_bots\AiJobAssistant\.venv\Lib\site-packages\asyncpg\connection.py", line 1873, in _execute
    result, _ = await self.__execute(
                ^^^^^^^^^^^^^^^^^^^^^
  File "C:\Users\Lenovo\Desktop\All important\python\TG_bots\AiJobAssistant\.venv\Lib\site-packages\asyncpg\connection.py", line 1970, in __execute
    result, stmt = await self._do_execute(
                   ^^^^^^^^^^^^^^^^^^^^^^^
  File "C:\Users\Lenovo\Desktop\All important\python\TG_bots\AiJobAssistant\.venv\Lib\site-packages\asyncpg\connection.py", line 2013, in _do_execute
    stmt = await self._get_statement(
           ^^^^^^^^^^^^^^^^^^^^^^^^^^
  File "C:\Users\Lenovo\Desktop\All important\python\TG_bots\AiJobAssistant\.venv\Lib\site-packages\asyncpg\connection.py", line 443, in _get_statement
    statement = await self._protocol.prepare(
                ^^^^^^^^^^^^^^^^^^^^^^^^^^^^^
  File "asyncpg/protocol/protocol.pyx", line 165, in prepare
RuntimeError: Task <Task pending name='Task-23' coro=<test_create_and_get_user() running at C:\Users\Lenovo\Desktop\All important\python\TG_bots\AiJobAssistant\tests\integration\test_user_repository.py:5> cb=[_run_until_complete_cb() at C:\Users\Lenovo\AppData\Local\Programs\Python\Python312\Lib\asyncio\base_events.py:181]> got Future <Future pending cb=[BaseProtocol._on_waiter_completed()]> attached to a different loop

During handling of the above exception, another exception occurred:

Traceback (most recent call last):
  File "C:\Users\Lenovo\Desktop\All important\python\TG_bots\AiJobAssistant\src\services\database\repositories\user_repository.py", line 15, in create_user
    await self._pool.execute(
  File "C:\Users\Lenovo\Desktop\All important\python\TG_bots\AiJobAssistant\.venv\Lib\site-packages\asyncpg\pool.py", line 591, in execute
    async with self.acquire() as con:
  File "C:\Users\Lenovo\Desktop\All important\python\TG_bots\AiJobAssistant\.venv\Lib\site-packages\asyncpg\pool.py", line 1068, in __aexit__
    await self.pool.release(con)
  File "C:\Users\Lenovo\Desktop\All important\python\TG_bots\AiJobAssistant\.venv\Lib\site-packages\asyncpg\pool.py", line 937, in release
    return await asyncio.shield(ch.release(timeout))
           ^^^^^^^^^^^^^^^^^^^^^^^^^^^^^^^^^^^^^^^^^
  File "C:\Users\Lenovo\Desktop\All important\python\TG_bots\AiJobAssistant\.venv\Lib\site-packages\asyncpg\pool.py", line 249, in release
    raise ex
  File "C:\Users\Lenovo\Desktop\All important\python\TG_bots\AiJobAssistant\.venv\Lib\site-packages\asyncpg\pool.py", line 239, in release
    await self._con.reset(timeout=budget)
  File "C:\Users\Lenovo\Desktop\All important\python\TG_bots\AiJobAssistant\.venv\Lib\site-packages\asyncpg\connection.py", line 1571, in reset
    await self.execute(reset_query)
  File "C:\Users\Lenovo\Desktop\All important\python\TG_bots\AiJobAssistant\.venv\Lib\site-packages\asyncpg\connection.py", line 354, in execute
    result = await self._protocol.query(query, timeout)
             ^^^^^^^^^^^^^^^^^^^^^^^^^^^^^^^^^^^^^^^^^^
  File "asyncpg/protocol/protocol.pyx", line 354, in query
  File "asyncpg/protocol/protocol.pyx", line 735, in asyncpg.protocol.protocol.BaseProtocol._check_state
asyncpg.exceptions._base.InterfaceError: cannot perform operation: another operation is in progress
2026-03-12 09:26:57,414 - ERROR - 💾 DB ERROR in [create_user]: cannot perform operation: another operation is in progress [line:78]
Traceback (most recent call last):
  File "C:\Users\Lenovo\Desktop\All important\python\TG_bots\AiJobAssistant\.venv\Lib\site-packages\asyncpg\pool.py", line 592, in execute
    return await con.execute(query, *args, timeout=timeout)
           ^^^^^^^^^^^^^^^^^^^^^^^^^^^^^^^^^^^^^^^^^^^^^^^^
  File "C:\Users\Lenovo\Desktop\All important\python\TG_bots\AiJobAssistant\.venv\Lib\site-packages\asyncpg\connection.py", line 357, in execute
    _, status, _ = await self._execute(
                   ^^^^^^^^^^^^^^^^^^^^
  File "C:\Users\Lenovo\Desktop\All important\python\TG_bots\AiJobAssistant\.venv\Lib\site-packages\asyncpg\connection.py", line 1873, in _execute
    result, _ = await self.__execute(
                ^^^^^^^^^^^^^^^^^^^^^
  File "C:\Users\Lenovo\Desktop\All important\python\TG_bots\AiJobAssistant\.venv\Lib\site-packages\asyncpg\connection.py", line 1970, in __execute
    result, stmt = await self._do_execute(
                   ^^^^^^^^^^^^^^^^^^^^^^^
  File "C:\Users\Lenovo\Desktop\All important\python\TG_bots\AiJobAssistant\.venv\Lib\site-packages\asyncpg\connection.py", line 2013, in _do_execute
    stmt = await self._get_statement(
           ^^^^^^^^^^^^^^^^^^^^^^^^^^
  File "C:\Users\Lenovo\Desktop\All important\python\TG_bots\AiJobAssistant\.venv\Lib\site-packages\asyncpg\connection.py", line 443, in _get_statement
    statement = await self._protocol.prepare(
                ^^^^^^^^^^^^^^^^^^^^^^^^^^^^^
  File "asyncpg/protocol/protocol.pyx", line 165, in prepare
RuntimeError: Task <Task pending name='Task-23' coro=<test_create_and_get_user() running at C:\Users\Lenovo\Desktop\All important\python\TG_bots\AiJobAssistant\tests\integration\test_user_repository.py:5> cb=[_run_until_complete_cb() at C:\Users\Lenovo\AppData\Local\Programs\Python\Python312\Lib\asyncio\base_events.py:181]> got Future <Future pending cb=[BaseProtocol._on_waiter_completed()]> attached to a different loop

During handling of the above exception, another exception occurred:

Traceback (most recent call last):
  File "C:\Users\Lenovo\Desktop\All important\python\TG_bots\AiJobAssistant\src\services\database\repositories\user_repository.py", line 15, in create_user
    await self._pool.execute(
  File "C:\Users\Lenovo\Desktop\All important\python\TG_bots\AiJobAssistant\.venv\Lib\site-packages\asyncpg\pool.py", line 591, in execute
    async with self.acquire() as con:
  File "C:\Users\Lenovo\Desktop\All important\python\TG_bots\AiJobAssistant\.venv\Lib\site-packages\asyncpg\pool.py", line 1068, in __aexit__
    await self.pool.release(con)
  File "C:\Users\Lenovo\Desktop\All important\python\TG_bots\AiJobAssistant\.venv\Lib\site-packages\asyncpg\pool.py", line 937, in release
    return await asyncio.shield(ch.release(timeout))
           ^^^^^^^^^^^^^^^^^^^^^^^^^^^^^^^^^^^^^^^^^
  File "C:\Users\Lenovo\Desktop\All important\python\TG_bots\AiJobAssistant\.venv\Lib\site-packages\asyncpg\pool.py", line 249, in release
    raise ex
  File "C:\Users\Lenovo\Desktop\All important\python\TG_bots\AiJobAssistant\.venv\Lib\site-packages\asyncpg\pool.py", line 239, in release
    await self._con.reset(timeout=budget)
  File "C:\Users\Lenovo\Desktop\All important\python\TG_bots\AiJobAssistant\.venv\Lib\site-packages\asyncpg\connection.py", line 1571, in reset
    await self.execute(reset_query)
  File "C:\Users\Lenovo\Desktop\All important\python\TG_bots\AiJobAssistant\.venv\Lib\site-packages\asyncpg\connection.py", line 354, in execute
    result = await self._protocol.query(query, timeout)
             ^^^^^^^^^^^^^^^^^^^^^^^^^^^^^^^^^^^^^^^^^^
  File "asyncpg/protocol/protocol.pyx", line 354, in query
  File "asyncpg/protocol/protocol.pyx", line 735, in asyncpg.protocol.protocol.BaseProtocol._check_state
asyncpg.exceptions._base.InterfaceError: cannot perform operation: another operation is in progress
2026-03-12 09:29:08,973 - ERROR - 💾 DB ERROR in [create_user]: cannot perform operation: another operation is in progress [line:78]
Traceback (most recent call last):
  File "C:\Users\Lenovo\Desktop\All important\python\TG_bots\AiJobAssistant\.venv\Lib\site-packages\asyncpg\pool.py", line 592, in execute
    return await con.execute(query, *args, timeout=timeout)
           ^^^^^^^^^^^^^^^^^^^^^^^^^^^^^^^^^^^^^^^^^^^^^^^^
  File "C:\Users\Lenovo\Desktop\All important\python\TG_bots\AiJobAssistant\.venv\Lib\site-packages\asyncpg\connection.py", line 357, in execute
    _, status, _ = await self._execute(
                   ^^^^^^^^^^^^^^^^^^^^
  File "C:\Users\Lenovo\Desktop\All important\python\TG_bots\AiJobAssistant\.venv\Lib\site-packages\asyncpg\connection.py", line 1873, in _execute
    result, _ = await self.__execute(
                ^^^^^^^^^^^^^^^^^^^^^
  File "C:\Users\Lenovo\Desktop\All important\python\TG_bots\AiJobAssistant\.venv\Lib\site-packages\asyncpg\connection.py", line 1970, in __execute
    result, stmt = await self._do_execute(
                   ^^^^^^^^^^^^^^^^^^^^^^^
  File "C:\Users\Lenovo\Desktop\All important\python\TG_bots\AiJobAssistant\.venv\Lib\site-packages\asyncpg\connection.py", line 2013, in _do_execute
    stmt = await self._get_statement(
           ^^^^^^^^^^^^^^^^^^^^^^^^^^
  File "C:\Users\Lenovo\Desktop\All important\python\TG_bots\AiJobAssistant\.venv\Lib\site-packages\asyncpg\connection.py", line 443, in _get_statement
    statement = await self._protocol.prepare(
                ^^^^^^^^^^^^^^^^^^^^^^^^^^^^^
  File "asyncpg/protocol/protocol.pyx", line 165, in prepare
RuntimeError: Task <Task pending name='Task-5' coro=<test_create_and_get_user() running at C:\Users\Lenovo\Desktop\All important\python\TG_bots\AiJobAssistant\tests\integration\test_user_repository.py:5> cb=[_run_until_complete_cb() at C:\Users\Lenovo\AppData\Local\Programs\Python\Python312\Lib\asyncio\base_events.py:181]> got Future <Future pending cb=[BaseProtocol._on_waiter_completed()]> attached to a different loop

During handling of the above exception, another exception occurred:

Traceback (most recent call last):
  File "C:\Users\Lenovo\Desktop\All important\python\TG_bots\AiJobAssistant\src\services\database\repositories\user_repository.py", line 15, in create_user
    await self._pool.execute(
  File "C:\Users\Lenovo\Desktop\All important\python\TG_bots\AiJobAssistant\.venv\Lib\site-packages\asyncpg\pool.py", line 591, in execute
    async with self.acquire() as con:
  File "C:\Users\Lenovo\Desktop\All important\python\TG_bots\AiJobAssistant\.venv\Lib\site-packages\asyncpg\pool.py", line 1068, in __aexit__
    await self.pool.release(con)
  File "C:\Users\Lenovo\Desktop\All important\python\TG_bots\AiJobAssistant\.venv\Lib\site-packages\asyncpg\pool.py", line 937, in release
    return await asyncio.shield(ch.release(timeout))
           ^^^^^^^^^^^^^^^^^^^^^^^^^^^^^^^^^^^^^^^^^
  File "C:\Users\Lenovo\Desktop\All important\python\TG_bots\AiJobAssistant\.venv\Lib\site-packages\asyncpg\pool.py", line 249, in release
    raise ex
  File "C:\Users\Lenovo\Desktop\All important\python\TG_bots\AiJobAssistant\.venv\Lib\site-packages\asyncpg\pool.py", line 239, in release
    await self._con.reset(timeout=budget)
  File "C:\Users\Lenovo\Desktop\All important\python\TG_bots\AiJobAssistant\.venv\Lib\site-packages\asyncpg\connection.py", line 1571, in reset
    await self.execute(reset_query)
  File "C:\Users\Lenovo\Desktop\All important\python\TG_bots\AiJobAssistant\.venv\Lib\site-packages\asyncpg\connection.py", line 354, in execute
    result = await self._protocol.query(query, timeout)
             ^^^^^^^^^^^^^^^^^^^^^^^^^^^^^^^^^^^^^^^^^^
  File "asyncpg/protocol/protocol.pyx", line 354, in query
  File "asyncpg/protocol/protocol.pyx", line 735, in asyncpg.protocol.protocol.BaseProtocol._check_state
asyncpg.exceptions._base.InterfaceError: cannot perform operation: another operation is in progress
2026-03-12 09:58:39,287 - ERROR - 💾 DB ERROR in [update_user]: None is not a valid Language [line:78]
Traceback (most recent call last):
  File "C:\Users\Lenovo\Desktop\All important\python\TG_bots\AiJobAssistant\src\services\database\repositories\user_repository.py", line 59, in update_user
    first_name, Language(language), cv
                ^^^^^^^^^^^^^^^^^^
  File "C:\Users\Lenovo\AppData\Local\Programs\Python\Python312\Lib\enum.py", line 744, in __call__
    return cls.__new__(cls, value)
           ^^^^^^^^^^^^^^^^^^^^^^^
  File "C:\Users\Lenovo\AppData\Local\Programs\Python\Python312\Lib\enum.py", line 1158, in __new__
    raise ve_exc
ValueError: None is not a valid Language
