2026-03-12 11:45:02,385 - INFO - 🧑‍💻 Developed by https://github.com/maket12 [line:63]
2026-03-12 11:45:02,385 - INFO - ⚙️ Initialising bot and database... [line:63]
2026-03-12 11:45:03,641 - INFO - 🛜 Connecting to Telegram... [line:63]
2026-03-12 11:45:04,652 - DEBUG - 🤖 Bot is starting... [line:68]
2026-03-12 11:45:16,365 - ERROR - 🤖 ERROR IN start: HTTP Client says - ClientOSError: [Errno 2] Can not write request body for https://api.telegram.org/bot7765055479:AAGELg1NEFECME5TEwwr0U3lYgZ8AWieVVQ/sendAnimation [line:78]
2026-03-12 11:46:37,173 - ERROR - 🤖 ERROR IN start: HTTP Client says - ServerDisconnectedError: Server disconnected [line:78]
2026-03-12 11:46:37,451 - INFO - 🔁 Closing database and telegram connections... [line:63]
2026-03-12 11:46:37,716 - INFO - 🎉 Bot stopped successfully [line:63]
2026-03-12 11:46:40,327 - INFO - 🧑‍💻 Developed by https://github.com/maket12 [line:63]
2026-03-12 11:46:40,328 - INFO - ⚙️ Initialising bot and database... [line:63]
2026-03-12 11:46:41,852 - INFO - 🛜 Connecting to Telegram... [line:63]
2026-03-12 11:46:42,861 - DEBUG - 🤖 Bot is starting... [line:68]
2026-03-12 11:47:46,443 - ERROR - 🤖 ERROR IN start: HTTP Client says - Request timeout error [line:78]
2026-03-12 11:49:04,448 - ERROR - 🤖 ERROR IN start: HTTP Client says - Request timeout error [line:78]
2026-03-12 11:50:19,137 - INFO - 🔁 Closing database and telegram connections... [line:63]
2026-03-12 11:50:19,151 - INFO - 🎉 Bot stopped successfully [line:63]
2026-03-12 11:50:22,168 - INFO - 🧑‍💻 Developed by https://github.com/maket12 [line:63]
2026-03-12 11:50:22,169 - INFO - ⚙️ Initialising bot and database... [line:63]
2026-03-12 11:50:23,420 - INFO - 🛜 Connecting to Telegram... [line:63]
2026-03-12 11:50:24,430 - DEBUG - 🤖 Bot is starting... [line:68]
2026-03-12 11:50:27,091 - ERROR - 🤖 ERROR IN start: Message.answer_video() missing 1 required positional argument: 'video' [line:78]
2026-03-12 11:50:39,003 - INFO - 🔁 Closing database and telegram connections... [line:63]
2026-03-12 11:50:39,012 - INFO - 🎉 Bot stopped successfully [line:63]
2026-03-12 11:50:41,896 - INFO - 🧑‍💻 Developed by https://github.com/maket12 [line:63]
2026-03-12 11:50:41,897 - INFO - ⚙️ Initialising bot and database... [line:63]
2026-03-12 11:50:43,437 - INFO - 🛜 Connecting to Telegram... [line:63]
2026-03-12 11:50:44,449 - DEBUG - 🤖 Bot is starting... [line:68]
2026-03-12 11:51:47,433 - ERROR - 🤖 ERROR IN start: HTTP Client says - Request timeout error [line:78]
2026-03-12 11:57:01,502 - INFO - 🔁 Closing database and telegram connections... [line:63]
2026-03-12 11:57:01,503 - INFO - 🎉 Bot stopped successfully [line:63]
2026-03-12 11:57:05,205 - INFO - 🧑‍💻 Developed by https://github.com/maket12 [line:63]
2026-03-12 11:57:05,205 - INFO - ⚙️ Initialising bot and database... [line:63]
2026-03-12 11:57:06,867 - INFO - 🛜 Connecting to Telegram... [line:63]
2026-03-12 11:57:07,876 - DEBUG - 🤖 Bot is starting... [line:68]
2026-03-12 11:58:37,444 - ERROR - 🤖 ERROR IN start: HTTP Client says - Request timeout error [line:78]
2026-03-12 11:59:34,984 - INFO - 🔁 Closing database and telegram connections... [line:63]
2026-03-12 11:59:34,995 - INFO - 🎉 Bot stopped successfully [line:63]
2026-03-12 11:59:37,934 - INFO - 🧑‍💻 Developed by https://github.com/maket12 [line:63]
2026-03-12 11:59:37,934 - INFO - ⚙️ Initialising bot and database... [line:63]
2026-03-12 11:59:39,221 - INFO - 🛜 Connecting to Telegram... [line:63]
2026-03-12 11:59:40,228 - DEBUG - 🤖 Bot is starting... [line:68]
2026-03-12 11:59:45,944 - INFO - 🔁 Closing database and telegram connections... [line:63]
2026-03-12 11:59:45,953 - INFO - 🎉 Bot stopped successfully [line:63]
2026-03-12 11:59:48,711 - INFO - 🧑‍💻 Developed by https://github.com/maket12 [line:63]
2026-03-12 11:59:48,711 - INFO - ⚙️ Initialising bot and database... [line:63]
2026-03-12 11:59:50,043 - INFO - 🛜 Connecting to Telegram... [line:63]
2026-03-12 11:59:51,046 - DEBUG - 🤖 Bot is starting... [line:68]
2026-03-12 12:02:07,854 - INFO - 🔁 Closing database and telegram connections... [line:63]
2026-03-12 12:02:07,885 - INFO - 🎉 Bot stopped successfully [line:63]
2026-03-12 12:02:13,168 - INFO - 🧑‍💻 Developed by https://github.com/maket12 [line:63]
2026-03-12 12:02:13,168 - INFO - ⚙️ Initialising bot and database... [line:63]
2026-03-12 12:02:16,808 - INFO - 🧑‍💻 Developed by https://github.com/maket12 [line:63]
2026-03-12 12:02:16,808 - INFO - ⚙️ Initialising bot and database... [line:63]
2026-03-12 12:02:45,457 - INFO - 🧑‍💻 Developed by https://github.com/maket12 [line:63]
2026-03-12 12:02:45,457 - INFO - ⚙️ Initialising bot and database... [line:63]
2026-03-12 12:02:47,066 - INFO - 🛜 Connecting to Telegram... [line:63]
2026-03-12 12:02:48,077 - DEBUG - 🤖 Bot is starting... [line:68]
2026-03-12 13:14:12,235 - INFO - 🔁 Closing database and telegram connections... [line:63]
2026-03-12 13:14:12,244 - INFO - 🎉 Bot stopped successfully [line:63]
2026-03-12 23:05:14,533 - INFO - 🧑‍💻 Developed by https://github.com/maket12 [line:63]
2026-03-12 23:05:14,534 - INFO - ⚙️ Initialising bot and database... [line:63]
2026-03-12 23:05:15,804 - INFO - 🛜 Connecting to Telegram... [line:63]
2026-03-12 23:05:16,809 - DEBUG - 🤖 Bot is starting... [line:68]
2026-03-12 23:07:20,931 - ERROR - 🤖 ERROR IN menu: 'str' object has no attribute 'value' [line:78]
2026-03-12 23:29:47,630 - INFO - 🔁 Closing database and telegram connections... [line:63]
2026-03-12 23:29:47,632 - INFO - 🎉 Bot stopped successfully [line:63]
2026-03-12 23:29:50,867 - INFO - 🧑‍💻 Developed by https://github.com/maket12 [line:63]
2026-03-12 23:29:50,868 - INFO - ⚙️ Initialising bot and database... [line:63]
2026-03-12 23:29:52,112 - INFO - 🛜 Connecting to Telegram... [line:63]
2026-03-12 23:29:53,126 - DEBUG - 🤖 Bot is starting... [line:68]
2026-03-12 23:30:03,507 - ERROR - 🤖 ERROR IN menu: 20 validation errors for ReplyKeyboardMarkup
keyboard.0.0
  Input should be a valid dictionary or instance of KeyboardButton [type=model_type, input_value=('text', '🔎Search'), input_type=tuple]
    For further information visit https://errors.pydantic.dev/2.12/v/model_type
keyboard.0.1
  Input should be a valid dictionary or instance of KeyboardButton [type=model_type, input_value=('icon_custom_emoji_id', None), input_type=tuple]
    For further information visit https://errors.pydantic.dev/2.12/v/model_type
keyboard.0.2
  Input should be a valid dictionary or instance of KeyboardButton [type=model_type, input_value=('style', None), input_type=tuple]
    For further information visit https://errors.pydantic.dev/2.12/v/model_type
keyboard.0.3
  Input should be a valid dictionary or instance of KeyboardButton [type=model_type, input_value=('request_users', None), input_type=tuple]
    For further information visit https://errors.pydantic.dev/2.12/v/model_type
keyboard.0.4
  Input should be a valid dictionary or instance of KeyboardButton [type=model_type, input_value=('request_chat', None), input_type=tuple]
    For further information visit https://errors.pydantic.dev/2.12/v/model_type
keyboard.0.5
  Input should be a valid dictionary or instance of KeyboardButton [type=model_type, input_value=('request_contact', None), input_type=tuple]
    For further information visit https://errors.pydantic.dev/2.12/v/model_type
keyboard.0.6
  Input should be a valid dictionary or instance of KeyboardButton [type=model_type, input_value=('request_location', None), input_type=tuple]
    For further information visit https://errors.pydantic.dev/2.12/v/model_type
keyboard.0.7
  Input should be a valid dictionary or instance of KeyboardButton [type=model_type, input_value=('request_poll', None), input_type=tuple]
    For further information visit https://errors.pydantic.dev/2.12/v/model_type
keyboard.0.8
  Input should be a valid dictionary or instance of KeyboardButton [type=model_type, input_value=('web_app', None), input_type=tuple]
    For further information visit https://errors.pydantic.dev/2.12/v/model_type
keyboard.0.9
  Input should be a valid dictionary or instance of KeyboardButton [type=model_type, input_value=('request_user', None), input_type=tuple]
    For further information visit https://errors.pydantic.dev/2.12/v/model_type
keyboard.1.0
  Input should be a valid dictionary or instance of KeyboardButton [type=model_type, input_value=('text', '👤Account'), input_type=tuple]
    For further information visit https://errors.pydantic.dev/2.12/v/model_type
keyboard.1.1
  Input should be a valid dictionary or instance of KeyboardButton [type=model_type, input_value=('icon_custom_emoji_id', None), input_type=tuple]
    For further information visit https://errors.pydantic.dev/2.12/v/model_type
keyboard.1.2
  Input should be a valid dictionary or instance of KeyboardButton [type=model_type, input_value=('style', None), input_type=tuple]
    For further information visit https://errors.pydantic.dev/2.12/v/model_type
keyboard.1.3
  Input should be a valid dictionary or instance of KeyboardButton [type=model_type, input_value=('request_users', None), input_type=tuple]
    For further information visit https://errors.pydantic.dev/2.12/v/model_type
keyboard.1.4
  Input should be a valid dictionary or instance of KeyboardButton [type=model_type, input_value=('request_chat', None), input_type=tuple]
    For further information visit https://errors.pydantic.dev/2.12/v/model_type
keyboard.1.5
  Input should be a valid dictionary or instance of KeyboardButton [type=model_type, input_value=('request_contact', None), input_type=tuple]
    For further information visit https://errors.pydantic.dev/2.12/v/model_type
keyboard.1.6
  Input should be a valid dictionary or instance of KeyboardButton [type=model_type, input_value=('request_location', None), input_type=tuple]
    For further information visit https://errors.pydantic.dev/2.12/v/model_type
keyboard.1.7
  Input should be a valid dictionary or instance of KeyboardButton [type=model_type, input_value=('request_poll', None), input_type=tuple]
    For further information visit https://errors.pydantic.dev/2.12/v/model_type
keyboard.1.8
  Input should be a valid dictionary or instance of KeyboardButton [type=model_type, input_value=('web_app', None), input_type=tuple]
    For further information visit https://errors.pydantic.dev/2.12/v/model_type
keyboard.1.9
  Input should be a valid dictionary or instance of KeyboardButton [type=model_type, input_value=('request_user', None), input_type=tuple]
    For further information visit https://errors.pydantic.dev/2.12/v/model_type [line:78]
2026-03-12 23:31:31,633 - INFO - 🔁 Closing database and telegram connections... [line:63]
2026-03-12 23:31:31,644 - INFO - 🎉 Bot stopped successfully [line:63]
2026-03-12 23:31:34,247 - INFO - 🧑‍💻 Developed by https://github.com/maket12 [line:63]
2026-03-12 23:31:34,248 - INFO - ⚙️ Initialising bot and database... [line:63]
2026-03-12 23:31:35,687 - INFO - 🛜 Connecting to Telegram... [line:63]
2026-03-12 23:31:36,700 - DEBUG - 🤖 Bot is starting... [line:68]
