2026-03-12 11:34:25,930 - INFO - 🧑‍💻 Developed by https://github.com/maket12 [line:63]
2026-03-12 11:34:25,930 - INFO - ⚙️ Initialising bot and database... [line:63]
2026-03-12 11:34:27,234 - INFO - 🛜 Connecting to Telegram... [line:63]
2026-03-12 11:35:41,572 - INFO - 🔁 Closing database and telegram connections... [line:63]
2026-03-12 11:35:41,581 - INFO - 🎉 Bot stopped successfully [line:63]
2026-03-12 11:35:52,220 - INFO - 🧑‍💻 Developed by https://github.com/maket12 [line:63]
2026-03-12 11:35:52,221 - INFO - ⚙️ Initialising bot and database... [line:63]
2026-03-12 11:35:53,710 - INFO - 🛜 Connecting to Telegram... [line:63]
2026-03-12 11:35:54,727 - DEBUG - 🤖 Bot is starting... [line:68]
2026-03-12 11:36:21,788 - ERROR - 🤖 ERROR IN start: 'NoneType' object has no attribute 'language' [line:78]
2026-03-12 11:37:51,610 - INFO - 🔁 Closing database and telegram connections... [line:63]
2026-03-12 11:37:51,622 - INFO - 🎉 Bot stopped successfully [line:63]
2026-03-12 11:37:55,725 - INFO - 🧑‍💻 Developed by https://github.com/maket12 [line:63]
2026-03-12 11:37:55,725 - INFO - ⚙️ Initialising bot and database... [line:63]
2026-03-12 11:37:56,979 - INFO - 🛜 Connecting to Telegram... [line:63]
2026-03-12 11:37:57,988 - DEBUG - 🤖 Bot is starting... [line:68]
2026-03-12 11:38:02,004 - INFO - 🔁 Closing database and telegram connections... [line:63]
2026-03-12 11:38:02,012 - INFO - 🎉 Bot stopped successfully [line:63]
2026-03-12 11:38:04,919 - INFO - 🧑‍💻 Developed by https://github.com/maket12 [line:63]
2026-03-12 11:38:04,919 - INFO - ⚙️ Initialising bot and database... [line:63]
2026-03-12 11:38:06,264 - INFO - 🛜 Connecting to Telegram... [line:63]
2026-03-12 11:38:07,282 - DEBUG - 🤖 Bot is starting... [line:68]
2026-03-12 11:38:10,561 - ERROR - 🤖 ERROR IN start: 'NoneType' object has no attribute 'language' [line:78]
2026-03-12 11:38:47,931 - INFO - 🔁 Closing database and telegram connections... [line:63]
2026-03-12 11:38:47,938 - INFO - 🎉 Bot stopped successfully [line:63]
2026-03-12 11:38:50,330 - INFO - 🧑‍💻 Developed by https://github.com/maket12 [line:63]
2026-03-12 11:38:50,331 - INFO - ⚙️ Initialising bot and database... [line:63]
2026-03-12 11:38:51,580 - INFO - 🛜 Connecting to Telegram... [line:63]
2026-03-12 11:38:52,583 - DEBUG - 🤖 Bot is starting... [line:68]
2026-03-12 11:39:03,759 - ERROR - 🤖 ERROR IN start: HTTP Client says - ClientOSError: [Errno 2] Can not write request body for https://api.telegram.org/bot7765055479:AAGELg1NEFECME5TEwwr0U3lYgZ8AWieVVQ/sendAnimation [line:78]
2026-03-12 11:44:59,344 - INFO - 🔁 Closing database and telegram connections... [line:63]
2026-03-12 11:44:59,345 - INFO - 🎉 Bot stopped successfully [line:63]
